---
# Source: webapp-umbrella/charts/webapp-a/templates/serviceaccount.yaml
apiVersion: v1
kind: ServiceAccount
metadata:
  name: test-webapp-a
  labels:
    helm.sh/chart: webapp-a-0.1.0
    app.kubernetes.io/name: webapp-a
    app.kubernetes.io/instance: test
    app.kubernetes.io/version: "1.16.0"
    app.kubernetes.io/managed-by: Helm
automountServiceAccountToken: true
---
# Source: webapp-umbrella/charts/webapp-a/templates/service.yaml
apiVersion: v1
kind: Service
metadata:
  name: test-webapp-a
  labels:
    helm.sh/chart: webapp-a-0.1.0
    app.kubernetes.io/name: webapp-a
    app.kubernetes.io/instance: test
    app.kubernetes.io/version: "1.16.0"
    app.kubernetes.io/managed-by: Helm
spec:
  type: ClusterIP
  ports:
    - port: 80
      targetPort: http
      protocol: TCP
      name: http
  selector:
    app.kubernetes.io/name: webapp-a
    app.kubernetes.io/instance: test
---
# Source: webapp-umbrella/charts/webapp-a/templates/deployment.yaml
apiVersion: apps/v1
kind: Deployment
metadata:
  name: test-webapp-a
  labels:
    helm.sh/chart: webapp-a-0.1.0
    app.kubernetes.io/name: webapp-a
    app.kubernetes.io/instance: test
    app.kubernetes.io/version: "1.16.0"
    app.kubernetes.io/managed-by: Helm
spec:
  selector:
    matchLabels:
      app.kubernetes.io/name: webapp-a
      app.kubernetes.io/instance: test
  template:
    metadata:
      labels:
        helm.sh/chart: webapp-a-0.1.0
        app.kubernetes.io/name: webapp-a
        app.kubernetes.io/instance: test
        app.kubernetes.io/version: "1.16.0"
        app.kubernetes.io/managed-by: Helm
    spec:
      serviceAccountName: test-webapp-a
      containers:
        - name: webapp-a
          image: "nginx:alpine"
          imagePullPolicy: IfNotPresent
          ports:
            - name: http
              containerPort: 80
              protocol: TCP
          volumeMounts:
            - mountPath: /mnt/data
              name: data
          livenessProbe:
            httpGet:
              path: /
              port: http
          readinessProbe:
            httpGet:
              path: /
              port: http
          volumeMounts:
            - mountPath: /mnt/data
              name: data
      volumes:
        - hostPath:
            path: /host-share/data
            type: DirectoryOrCreate
          name: data
      nodeSelector:
        karpenter.sh/nodepool: test
---
# Source: webapp-umbrella/charts/webapp-a/templates/hpa.yaml
apiVersion: autoscaling/v2
kind: HorizontalPodAutoscaler
metadata:
  name: test-webapp-a
  labels:
    helm.sh/chart: webapp-a-0.1.0
    app.kubernetes.io/name: webapp-a
    app.kubernetes.io/instance: test
    app.kubernetes.io/version: "1.16.0"
    app.kubernetes.io/managed-by: Helm
spec:
  scaleTargetRef:
    apiVersion: apps/v1
    kind: Deployment
    name: test-webapp-a
  minReplicas: 1
  maxReplicas: 100
  metrics:
    - type: Resource
      resource:
        name: cpu
        target:
          type: Utilization
          averageUtilization: 80
---
# Source: webapp-umbrella/charts/webapp-a/templates/tests/test-connection.yaml
apiVersion: v1
kind: Pod
metadata:
  name: "test-webapp-a-test-connection"
  labels:
    helm.sh/chart: webapp-a-0.1.0
    app.kubernetes.io/name: webapp-a
    app.kubernetes.io/instance: test
    app.kubernetes.io/version: "1.16.0"
    app.kubernetes.io/managed-by: Helm
  annotations:
    "helm.sh/hook": test
spec:
  containers:
    - name: wget
      image: busybox
      command: ['wget']
      args: ['test-webapp-a:80']
  restartPolicy: Never
